[2022-05-02 19:48:04] Текст ошибки: Возникла ошибочка | Файл: C:\OpenServer\domains\vp-shop-2.local\public\index.php | Строка: 8
===============
[2022-05-02 19:49:14] Текст ошибки: Возникла ошибочка | Файл: C:\OpenServer\domains\vp-shop-2.local\public\index.php | Строка: 8
===============
[2022-05-02 19:49:34] Текст ошибки: Возникла ошибочка | Файл: C:\OpenServer\domains\vp-shop-2.local\public\index.php | Строка: 8
===============
[2022-05-02 19:49:46] Текст ошибки: Возникла ошибочка | Файл: C:\OpenServer\domains\vp-shop-2.local\public\index.php | Строка: 8
===============
[2022-05-02 19:49:56] Текст ошибки: Возникла ошибочка | Файл: C:\OpenServer\domains\vp-shop-2.local\public\index.php | Строка: 8
===============
[2022-05-02 19:50:07] Текст ошибки: Undefined variable $test | Файл: C:\OpenServer\domains\vp-shop-2.local\public\index.php | Строка: 10
===============
[2022-05-02 19:53:19] Текст ошибки: Возникла ошибочка | Файл: C:\OpenServer\domains\vp-shop-2.local\public\index.php | Строка: 8
===============
[2022-05-02 19:58:20] Текст ошибки: Возникла ошибочка | Файл: C:\OpenServer\domains\vp-shop-2.local\public\index.php | Строка: 8
===============
[2022-05-02 20:02:00] Текст ошибки: Возникла ошибочка | Файл: C:\OpenServer\domains\vp-shop-2.local\public\index.php | Строка: 8
===============
[2022-05-02 20:02:31] Текст ошибки: Возникла ошибочка | Файл: C:\OpenServer\domains\vp-shop-2.local\public\index.php | Строка: 8
===============
[2022-05-02 20:02:33] Текст ошибки: Возникла ошибочка | Файл: C:\OpenServer\domains\vp-shop-2.local\public\index.php | Строка: 8
===============
[2022-05-02 20:02:34] Текст ошибки: Возникла ошибочка | Файл: C:\OpenServer\domains\vp-shop-2.local\public\index.php | Строка: 8
===============
[2022-05-02 20:03:16] Текст ошибки: Возникла ошибочка | Файл: C:\OpenServer\domains\vp-shop-2.local\public\index.php | Строка: 8
===============
[2022-05-02 20:03:16] Текст ошибки: Возникла ошибочка | Файл: C:\OpenServer\domains\vp-shop-2.local\public\index.php | Строка: 8
===============
[2022-05-02 20:04:09] Текст ошибки: Возникла ошибочка | Файл: C:\OpenServer\domains\vp-shop-2.local\public\index.php | Строка: 8
===============
[2022-05-02 20:04:22] Текст ошибки: Возникла ошибочка | Файл: C:\OpenServer\domains\vp-shop-2.local\public\index.php | Строка: 8
===============
[2022-05-02 20:05:13] Текст ошибки: Возникла ошибочка | Файл: C:\OpenServer\domains\vp-shop-2.local\public\index.php | Строка: 8
===============
[2022-05-02 20:05:22] Текст ошибки: Возникла ошибочка | Файл: C:\OpenServer\domains\vp-shop-2.local\public\index.php | Строка: 8
===============
[2022-05-02 20:06:28] Текст ошибки: Возникла ошибочка | Файл: C:\OpenServer\domains\vp-shop-2.local\public\index.php | Строка: 8
===============
[2022-05-02 20:06:56] Текст ошибки: Возникла ошибочка | Файл: C:\OpenServer\domains\vp-shop-2.local\public\index.php | Строка: 8
===============
[2022-05-02 20:07:16] Текст ошибки: Возникла ошибочка | Файл: C:\OpenServer\domains\vp-shop-2.local\public\index.php | Строка: 8
===============
[2022-05-02 20:08:40] Текст ошибки: Возникла ошибочка | Файл: C:\OpenServer\domains\vp-shop-2.local\public\index.php | Строка: 8
===============
[2022-05-05 20:41:57] Текст ошибки: Контроллер app\controllers\MainController не найдена | Файл: C:\OpenServer\domains\vp-shop-2.local\vendor\wfm\Router.php | Строка: 36
===============
[2022-05-05 20:42:29] Текст ошибки: Контроллер app\controllers\MainController не найдена | Файл: C:\OpenServer\domains\vp-shop-2.local\vendor\wfm\Router.php | Строка: 36
===============
[2022-05-05 20:53:32] Текст ошибки: Контроллер app\controllers\PageController не найдена | Файл: C:\OpenServer\domains\vp-shop-2.local\vendor\wfm\Router.php | Строка: 36
===============
[2022-05-05 20:54:11] Текст ошибки: Метод app\controllers\PageController::app\controllers\PageController не найден | Файл: C:\OpenServer\domains\vp-shop-2.local\vendor\wfm\Router.php | Строка: 32
===============
[2022-05-05 20:56:01] Текст ошибки: Метод app\controllers\PageController::viewAction не найден | Файл: C:\OpenServer\domains\vp-shop-2.local\vendor\wfm\Router.php | Строка: 32
===============
[2022-05-05 20:57:23] Текст ошибки: Контроллер app\controllers\admin\MainController не найдена | Файл: C:\OpenServer\domains\vp-shop-2.local\vendor\wfm\Router.php | Строка: 36
===============
[2022-05-05 20:58:32] Текст ошибки: Метод app\controllers\admin\MainController::indexAction не найден | Файл: C:\OpenServer\domains\vp-shop-2.local\vendor\wfm\Router.php | Строка: 32
===============
[2022-05-08 17:38:15] Текст ошибки: Страница не найдена | Файл: C:\OpenServer\domains\vp-shop-2.local\vendor\wfm\Router.php | Строка: 39
===============
[2022-05-08 17:38:50] Текст ошибки: Страница не найдена | Файл: C:\OpenServer\domains\vp-shop-2.local\vendor\wfm\Router.php | Строка: 39
===============
[2022-05-08 17:40:59] Текст ошибки: Страница не найдена | Файл: C:\OpenServer\domains\vp-shop-2.local\vendor\wfm\Router.php | Строка: 40
===============
